生成启动时间为 2015/12/30 21:10:29。
     1>项目“D:\vs2012p\project2\buildmsvc\src\libalucontrol.vcxproj”在节点 2 上(Build 个目标)。
     1>ClCompile:
         C:\Program Files (x86)\Microsoft Visual Studio 11.0\VC\bin\CL.exe /c /I..\../src /Zi /nologo /W3 /WX- /Od /Ob0 /Oy- /D WIN32 /D _WINDOWS /D _DEBUG /D "CMAKE_INTDIR=\"Debug\"" /D _MBCS /Gm- /RTC1 /MDd /GS /fp:precise /Zc:wchar_t /Zc:forScope /GR /Fo"libalucontrol.dir\Debug\\" /Fd"libalucontrol.dir\Debug\vc110.pdb" /Gd /TP /analyze- /errorReport:prompt  /EHsc";"-std=c++11 -g ..\..\src\alucontrol.cpp
     1>cl : 命令行 warning D9002: 忽略未知选项“/EH;”
     1>cl : 命令行 warning D9002: 忽略未知选项“/EH-”
     1>cl : 命令行 warning D9002: 忽略未知选项“/EHt”
     1>cl : 命令行 warning D9002: 忽略未知选项“/EHd”
     1>cl : 命令行 warning D9002: 忽略未知选项“/EH=”
     1>cl : 命令行 warning D9002: 忽略未知选项“/EH+”
     1>cl : 命令行 warning D9002: 忽略未知选项“/EH+”
     1>cl : 命令行 warning D9002: 忽略未知选项“/EH1”
     1>cl : 命令行 warning D9002: 忽略未知选项“/EH1”
     1>cl : 命令行 warning D9002: 忽略未知选项“-g”
         alucontrol.cpp
       Lib:
         C:\Program Files (x86)\Microsoft Visual Studio 11.0\VC\bin\Lib.exe /OUT:"..\..\buildmsvc\src\Debug\libalucontrol.lib" /NOLOGO libalucontrol.dir\Debug\alucontrol.obj
         libalucontrol.vcxproj -> D:\vs2012p\project2\buildmsvc\src\..\..\buildmsvc\src\Debug\libalucontrol.lib
     1>已完成生成项目“D:\vs2012p\project2\buildmsvc\src\libalucontrol.vcxproj”(Build 个目标)的操作。

生成成功。

已用时间 00:00:00.90
